<?xml version="1.0" encoding="UTF-8"?>
<testng-results skipped="0" failed="0" total="1" passed="1">
  <reporter-output>
  </reporter-output>
  <suite name="Default suite" duration-ms="176683" started-at="2017-10-31T18:59:40Z" finished-at="2017-10-31T19:02:37Z">
    <groups>
    </groups>
    <test name="Default test" duration-ms="176683" started-at="2017-10-31T18:59:40Z" finished-at="2017-10-31T19:02:37Z">
      <class name="TestAppium">
        <test-method status="PASS" signature="setup()[pri:0, instance:TestAppium@724af044]" name="setup" is-config="true" duration-ms="57029" started-at="2017-11-01T00:29:40Z" finished-at="2017-11-01T00:30:37Z">
          <reporter-output>
          </reporter-output>
        </test-method> <!-- setup -->
        <test-method status="PASS" signature="appiumExampleTest()[pri:0, instance:TestAppium@724af044]" name="appiumExampleTest" duration-ms="118555" started-at="2017-11-01T00:30:37Z" finished-at="2017-11-01T00:32:35Z">
          <reporter-output>
          </reporter-output>
        </test-method> <!-- appiumExampleTest -->
        <test-method status="PASS" signature="tearDown()[pri:0, instance:TestAppium@724af044]" name="tearDown" is-config="true" duration-ms="1085" started-at="2017-11-01T00:32:35Z" finished-at="2017-11-01T00:32:37Z">
          <reporter-output>
          </reporter-output>
        </test-method> <!-- tearDown -->
      </class> <!-- TestAppium -->
    </test> <!-- Default test -->
  </suite> <!-- Default suite -->
</testng-results>
